<?xml version="1.0" encoding="UTF-8"?>
<!-- Generated by org.testng.reporters.JUnitReportReporter -->
<testsuite hostname="Honey" failures="0" tests="3" name="testCases.TC021" time="25.714" errors="0" timestamp="2025-10-13T11:11:13 IST" skipped="0">
  <testcase classname="testCases.TC021" name="verifyRegisterAccopuntInDefferentTestEnvironments" time="6.492"/>
  <testcase classname="testCases.TC021" name="verifyRegisterAccopuntInDefferentTestEnvironments" time="7.283"/>
  <testcase classname="testCases.TC021" name="verifyRegisterAccopuntInDefferentTestEnvironments" time="11.939"/>
</testsuite> <!-- testCases.TC021 -->
