<?xml version="1.0" encoding="UTF-8"?>
<!-- Generated by org.testng.reporters.JUnitReportReporter -->
<testsuite hostname="Honey" failures="0" tests="1" name="testCases.TC002" time="4.719" errors="0" timestamp="2025-09-02T17:11:13 IST" skipped="0">
  <testcase classname="testCases.TC002" name="VerifyRegisterAccountWithoutFillFileds" time="4.719"/>
</testsuite> <!-- testCases.TC002 -->
