<?xml version="1.0" encoding="UTF-8"?>
<!-- Generated by org.testng.reporters.JUnitReportReporter -->
<testsuite hostname="Honey" failures="0" tests="1" name="testCases.TC016" time="5.364" errors="0" timestamp="2025-10-14T12:28:35 IST" skipped="0">
  <testcase classname="testCases.TC016" name="verifyVisibilityTogglineOfPasswordFieldOnRegisterAccount" time="5.364"/>
</testsuite> <!-- testCases.TC016 -->
