<?xml version="1.0" encoding="UTF-8"?>
<!-- Generated by org.testng.reporters.JUnitReportReporter -->
<testsuite hostname="Honey" failures="0" tests="1" name="testCases.TC0011" time="5.989" errors="0" timestamp="2025-09-23T18:10:48 IST" skipped="0">
  <testcase classname="testCases.TC0011" name="AccountRegisterWithOnlySpaces" time="5.989"/>
</testsuite> <!-- testCases.TC0011 -->
