<?xml version="1.0" encoding="UTF-8"?>
<!-- Generated by org.testng.reporters.JUnitReportReporter -->
<testsuite hostname="Honey" failures="0" tests="1" name="testCases.TC017" time="12.000" errors="0" timestamp="2025-10-14T12:35:14 IST" skipped="0">
  <testcase classname="testCases.TC017" name="verifyWorkingOfEveryLinkOnRegisterAccountPage" time="12.000"/>
</testsuite> <!-- testCases.TC017 -->
