<?xml version="1.0" encoding="UTF-8"?>
<!-- Generated by org.testng.reporters.JUnitReportReporter -->
<testsuite hostname="Honey" failures="0" tests="1" name="testCases.TC018" time="6.158" errors="0" timestamp="2025-10-06T11:48:19 IST" skipped="0">
  <testcase classname="testCases.TC018" name="verifyRegisterAccountWithoutEnterTheConfirmPassword" time="6.158"/>
</testsuite> <!-- testCases.TC018 -->
