<?xml version="1.0" encoding="UTF-8"?>
<!-- Generated by org.testng.reporters.JUnitReportReporter -->
<testsuite hostname="Honey" failures="0" tests="1" name="testCases.TC015" time="5.397" errors="0" timestamp="2025-09-29T09:58:49 IST" skipped="0">
  <testcase classname="testCases.TC015" name="verifyRegisterAccountWithoutPrivacyPolicySelection" time="5.397"/>
</testsuite> <!-- testCases.TC015 -->
