<?xml version="1.0" encoding="UTF-8"?>
<!-- Generated by org.testng.reporters.JUnitReportReporter -->
<testsuite hostname="Honey" failures="0" tests="1" name="testCases.TC009" time="5.086" errors="0" timestamp="2025-10-14T12:14:00 IST" skipped="0">
  <testcase classname="testCases.TC009" name="verifyPlaceholderInTextFiledInRegisterAccount" time="5.086"/>
</testsuite> <!-- testCases.TC009 -->
