<?xml version="1.0" encoding="UTF-8"?>
<!-- Generated by org.testng.reporters.JUnitReportReporter -->
<testsuite hostname="Honey" failures="0" tests="1" name="testCases.TC001_AccountRegistrationTest" time="6.245" errors="0" timestamp="2025-08-28T18:14:46 IST" skipped="0">
  <testcase classname="testCases.TC001_AccountRegistrationTest" name="AccountRigister" time="6.245"/>
</testsuite> <!-- testCases.TC001_AccountRegistrationTest -->
