<?xml version="1.0" encoding="UTF-8"?>
<!-- Generated by org.testng.reporters.JUnitReportReporter -->
<testsuite hostname="Honey" failures="0" tests="1" name="testCases.TC019" time="9.583" errors="0" timestamp="2025-10-06T14:00:13 IST" skipped="0">
  <testcase classname="testCases.TC019" name="verifyBreadcrumbUrlHeadingTitleOfThePage" time="9.583"/>
</testsuite> <!-- testCases.TC019 -->
