<?xml version="1.0" encoding="UTF-8"?>
<!-- Generated by org.testng.reporters.JUnitReportReporter -->
<testsuite hostname="Honey" failures="0" tests="1" name="testCases.TC005" time="5.622" errors="0" timestamp="2025-09-16T13:06:33 IST" skipped="0">
  <testcase classname="testCases.TC005" name="verifyAccountRegisterWithExitEmail" time="5.622"/>
</testsuite> <!-- testCases.TC005 -->
