<?xml version="1.0" encoding="UTF-8"?>
<!-- Generated by org.testng.reporters.JUnitReportReporter -->
<testsuite hostname="Honey" failures="0" tests="3" name="testCases.TC021" time="17.710" errors="0" timestamp="2025-10-31T11:05:43 IST" skipped="0">
  <testcase classname="testCases.TC021" name="verifyRegisterAccopuntInDefferentTestEnvironments" time="4.849"/>
  <testcase classname="testCases.TC021" name="verifyRegisterAccopuntInDefferentTestEnvironments" time="8.471"/>
  <testcase classname="testCases.TC021" name="verifyRegisterAccopuntInDefferentTestEnvironments" time="4.390"/>
</testsuite> <!-- testCases.TC021 -->
