<?xml version="1.0" encoding="UTF-8"?>
<!-- Generated by org.testng.reporters.JUnitReportReporter -->
<testsuite hostname="Honey" failures="0" tests="1" name="testCases.TC006" time="18.664" errors="0" timestamp="2025-09-18T13:46:17 IST" skipped="0">
  <testcase classname="testCases.TC006" name="verifyAcoountRigisterWithInavlidEmail" time="18.664"/>
</testsuite> <!-- testCases.TC006 -->
