<?xml version="1.0" encoding="UTF-8"?>
<!-- Generated by org.testng.reporters.JUnitReportReporter -->
<testsuite hostname="Honey" failures="0" tests="1" name="testCases.TC010" time="5.101" errors="0" timestamp="2025-10-14T12:14:30 IST" skipped="0">
  <testcase classname="testCases.TC010" name="verifyRegisterAccountWithSymbleAndColor" time="5.101"/>
</testsuite> <!-- testCases.TC010 -->
