<?xml version="1.0" encoding="UTF-8"?>
<!-- Generated by org.testng.reporters.JUnitReportReporter -->
<testsuite hostname="Honey" failures="0" tests="1" name="testCases.TC019" time="10.847" errors="0" timestamp="2025-10-14T12:37:25 IST" skipped="0">
  <testcase classname="testCases.TC019" name="verifyBreadcrumbUrlHeadingTitleOfThePage" time="10.847"/>
</testsuite> <!-- testCases.TC019 -->
