<?xml version="1.0" encoding="UTF-8"?>
<!-- Generated by org.testng.reporters.JUnitReportReporter -->
<testsuite hostname="Honey" failures="0" tests="1" name="testCases.TC008" time="21.067" errors="0" timestamp="2025-10-31T11:05:43 IST" skipped="0">
  <testcase classname="testCases.TC008" name="verifyAccountRegisterUsingKeyboardKeys" time="21.067"/>
</testsuite> <!-- testCases.TC008 -->
