<?xml version="1.0" encoding="UTF-8"?>
<!-- Generated by org.testng.reporters.JUnitReportReporter -->
<testsuite hostname="Honey" failures="0" tests="1" name="testCases.TC0010" time="4.625" errors="0" timestamp="2025-09-23T09:31:30 IST" skipped="0">
  <testcase classname="testCases.TC0010" name="verifyRegisterAccountWithSymbleAndColor" time="4.625"/>
</testsuite> <!-- testCases.TC0010 -->
