<?xml version="1.0" encoding="UTF-8"?>
<!-- Generated by org.testng.reporters.JUnitReportReporter -->
<testsuite hostname="Honey" failures="0" tests="1" name="testCases.TC003" time="9.621" errors="0" timestamp="2025-09-19T15:36:10 IST" skipped="0">
  <testcase classname="testCases.TC003" name="AccountRigsterWithNewsletter" time="9.621"/>
</testsuite> <!-- testCases.TC003 -->
