<?xml version="1.0" encoding="UTF-8"?>
<!-- Generated by org.testng.reporters.JUnitReportReporter -->
<testsuite hostname="Honey" failures="0" tests="1" name="testCases.TC011" time="6.798" errors="0" timestamp="2025-10-14T12:15:01 IST" skipped="0">
  <testcase classname="testCases.TC011" name="AccountRegisterWithOnlySpaces" time="6.798"/>
</testsuite> <!-- testCases.TC011 -->
