<?xml version="1.0" encoding="UTF-8"?>
<!-- Generated by org.testng.reporters.JUnitReportReporter -->
<testsuite hostname="Honey" failures="0" tests="1" name="testCases.TC003" time="11.209" errors="0" timestamp="2025-10-14T12:07:02 IST" skipped="0">
  <testcase classname="testCases.TC003" name="AccountRigsterWithNewsletter" time="11.209"/>
</testsuite> <!-- testCases.TC003 -->
