<?xml version="1.0" encoding="UTF-8"?>
<!-- Generated by org.testng.reporters.JUnitReportReporter -->
<testsuite hostname="Honey" failures="0" tests="1" name="testCases.TC003" time="10.011" errors="0" timestamp="2025-09-06T18:17:17 IST" skipped="0">
  <testcase classname="testCases.TC003" name="AccountRigsterWithNewsletter" time="10.011"/>
</testsuite> <!-- testCases.TC003 -->
