<?xml version="1.0" encoding="UTF-8"?>
<!-- Generated by org.testng.reporters.JUnitReportReporter -->
<testsuite hostname="Honey" failures="0" tests="3" name="testCases.TC021" time="28.794" errors="0" timestamp="2025-10-14T13:06:49 IST" skipped="0">
  <testcase classname="testCases.TC021" name="verifyRegisterAccopuntInDefferentTestEnvironments" time="11.443"/>
  <testcase classname="testCases.TC021" name="verifyRegisterAccopuntInDefferentTestEnvironments" time="7.330"/>
  <testcase classname="testCases.TC021" name="verifyRegisterAccopuntInDefferentTestEnvironments" time="10.021"/>
</testsuite> <!-- testCases.TC021 -->
