<?xml version="1.0" encoding="UTF-8"?>
<!-- Generated by org.testng.reporters.JUnitReportReporter -->
<testsuite hostname="Honey" failures="0" tests="1" name="testCases.TC006" time="22.088" errors="0" timestamp="2025-10-14T12:10:18 IST" skipped="0">
  <testcase classname="testCases.TC006" name="verifyAcoountRigisterWithInavlidEmail" time="22.088"/>
</testsuite> <!-- testCases.TC006 -->
