<?xml version="1.0" encoding="UTF-8"?>
<!-- Generated by org.testng.reporters.JUnitReportReporter -->
<testsuite hostname="Honey" failures="0" tests="1" name="testCases.TC014" time="4.712" errors="0" timestamp="2025-10-14T12:27:12 IST" skipped="0">
  <testcase classname="testCases.TC014" name="VerifyPrivacyPolicyFieldOnRegisterAccountPage" time="4.712"/>
</testsuite> <!-- testCases.TC014 -->
