<?xml version="1.0" encoding="UTF-8"?>
<!-- Generated by org.testng.reporters.JUnitReportReporter -->
<testsuite hostname="Honey" failures="0" tests="1" name="testCases.TC002" time="5.844" errors="0" timestamp="2025-10-14T11:59:18 IST" skipped="0">
  <testcase classname="testCases.TC002" name="VerifyRegisterAccountWithoutFillFileds" time="5.844"/>
</testsuite> <!-- testCases.TC002 -->
