<?xml version="1.0" encoding="UTF-8"?>
<!-- Generated by org.testng.reporters.JUnitReportReporter -->
<testsuite hostname="Honey" failures="0" tests="1" name="testCases.TC013" time="9.143" errors="0" timestamp="2025-10-14T12:26:18 IST" skipped="0">
  <testcase classname="testCases.TC013" name="VerifyRegisterAccountFiledWithHeightAndWidthAligments" time="9.143"/>
</testsuite> <!-- testCases.TC013 -->
