<?xml version="1.0" encoding="UTF-8"?>
<!-- Generated by org.testng.reporters.JUnitReportReporter -->
<testsuite hostname="Honey" failures="0" tests="1" name="testCases.TC005" time="6.493" errors="0" timestamp="2025-10-14T12:09:24 IST" skipped="0">
  <testcase classname="testCases.TC005" name="verifyAccountRegisterWithExitEmail" time="6.493"/>
</testsuite> <!-- testCases.TC005 -->
