<?xml version="1.0" encoding="UTF-8"?>
<!-- Generated by org.testng.reporters.JUnitReportReporter -->
<testsuite hostname="Honey" failures="0" tests="1" name="testCases.TC018" time="6.024" errors="0" timestamp="2025-10-14T12:36:03 IST" skipped="0">
  <testcase classname="testCases.TC018" name="verifyRegisterAccountWithoutEnterTheConfirmPassword" time="6.024"/>
</testsuite> <!-- testCases.TC018 -->
