<?xml version="1.0" encoding="UTF-8"?>
<!-- Generated by org.testng.reporters.JUnitReportReporter -->
<testsuite hostname="Honey" failures="0" tests="1" name="testCases.TC013" time="6.483" errors="0" timestamp="2025-09-26T18:22:23 IST" skipped="0">
  <testcase classname="testCases.TC013" name="VerifyRegisterAccountFiledWithHeightAndWidthAligments" time="6.483"/>
</testsuite> <!-- testCases.TC013 -->
