<?xml version="1.0" encoding="UTF-8"?>
<!-- Generated by org.testng.reporters.JUnitReportReporter -->
<testsuite hostname="Honey" failures="0" tests="1" name="testCases.TC020" time="4.260" errors="0" timestamp="2025-10-06T14:28:41 IST" skipped="0">
  <testcase classname="testCases.TC020" name="verifyUIofAccountPage" time="4.260"/>
</testsuite> <!-- testCases.TC020 -->
