<?xml version="1.0" encoding="UTF-8"?>
<!-- Generated by org.testng.reporters.JUnitReportReporter -->
<testsuite hostname="Honey" failures="0" tests="1" name="testCases.TC008" time="25.487" errors="0" timestamp="2025-09-19T12:20:37 IST" skipped="0">
  <testcase classname="testCases.TC008" name="verifyAccountRegisterUsingKeyboardKeys" time="25.487"/>
</testsuite> <!-- testCases.TC008 -->
