<?xml version="1.0" encoding="UTF-8"?>
<!-- Generated by org.testng.reporters.JUnitReportReporter -->
<testsuite hostname="Honey" failures="0" tests="1" name="testCases.TC016" time="5.123" errors="0" timestamp="2025-10-31T11:05:43 IST" skipped="0">
  <testcase classname="testCases.TC016" name="verifyVisibilityTogglineOfPasswordFieldOnRegisterAccount" time="5.123"/>
</testsuite> <!-- testCases.TC016 -->
