<?xml version="1.0" encoding="UTF-8"?>
<!-- Generated by org.testng.reporters.JUnitReportReporter -->
<testsuite hostname="Honey" failures="0" tests="1" name="testCases.TC015" time="6.096" errors="0" timestamp="2025-10-14T12:28:01 IST" skipped="0">
  <testcase classname="testCases.TC015" name="verifyRegisterAccountWithoutPrivacyPolicySelection" time="6.096"/>
</testsuite> <!-- testCases.TC015 -->
