<?xml version="1.0" encoding="UTF-8"?>
<!-- Generated by org.testng.reporters.JUnitReportReporter -->
<testsuite hostname="Honey" failures="0" tests="1" name="testCases.TC009" time="4.273" errors="0" timestamp="2025-10-31T11:05:43 IST" skipped="0">
  <testcase classname="testCases.TC009" name="verifyPlaceholderInTextFiledInRegisterAccount" time="4.273"/>
</testsuite> <!-- testCases.TC009 -->
