<?xml version="1.0" encoding="UTF-8"?>
<!-- Generated by org.testng.reporters.JUnitReportReporter -->
<testsuite hostname="Honey" failures="0" tests="1" name="testCases.TC007" time="9.119" errors="0" timestamp="2025-09-18T15:53:58 IST" skipped="0">
  <testcase classname="testCases.TC007" name="verifyRegisterAccountWithInvalidPhNumber" time="9.119"/>
</testsuite> <!-- testCases.TC007 -->
