<?xml version="1.0" encoding="UTF-8"?>
<!-- Generated by org.testng.reporters.JUnitReportReporter -->
<testsuite hostname="Honey" failures="0" tests="1" name="testCases.TC001" time="11.493" errors="0" timestamp="2025-10-14T11:55:20 IST" skipped="0">
  <testcase classname="testCases.TC001" name="AccountRigister" time="11.493"/>
</testsuite> <!-- testCases.TC001 -->
