<?xml version="1.0" encoding="UTF-8"?>
<!-- Generated by org.testng.reporters.JUnitReportReporter -->
<testsuite hostname="Honey" failures="0" tests="1" name="testCases.TC002" time="29.561" errors="0" timestamp="2025-09-06T17:49:58 IST" skipped="0">
  <testcase classname="testCases.TC002" name="VerifyRegisterAccountWithoutFillFileds" time="29.561"/>
</testsuite> <!-- testCases.TC002 -->
