<?xml version="1.0" encoding="UTF-8"?>
<!-- Generated by org.testng.reporters.JUnitReportReporter -->
<testsuite hostname="Honey" failures="0" tests="1" name="testCases.TC004" time="8.442" errors="0" timestamp="2025-09-15T15:52:27 IST" skipped="0">
  <testcase classname="testCases.TC004" name="VerifyNavigatingToRegisterAccountUsingMultipleWay" time="8.442"/>
</testsuite> <!-- testCases.TC004 -->
